Línea 304: no se pudo establecer la propiedad Bindings de txt_contrato.
Línea 322: no se pudo establecer la propiedad Bindings de txt_clientes.
Línea 348: no se pudo establecer la propiedad Bindings de txt_nombre.
Línea 374: no se pudo establecer la propiedad Bindings de txt_direccion.
Línea 400: no se pudo establecer la propiedad Bindings de TextBox4.
Línea 426: no se pudo establecer la propiedad Bindings de txt_zona.
Línea 452: no se pudo establecer la propiedad Bindings de TextBox10.
Línea 478: no se pudo establecer la propiedad Bindings de TextBox11.
Línea 554: no se pudo establecer la propiedad Bindings de txt_precio_cilind.
Línea 596: no se pudo establecer la propiedad Bindings de txt_cantidad.
Línea 623: no se pudo establecer la propiedad Bindings de txt_precio.
Línea 646: no se pudo establecer la propiedad Bindings de txt_fecha_entrega.
Línea 663: no se pudo establecer la propiedad Bindings de txt_fecha_pedido.
Línea 1282: no se pudo establecer la propiedad Bindings de DGrid_pedidos.
Línea 1452: no se pudo establecer la propiedad Bindings de Dcmb_Buscar.
Línea 304: no se pudo establecer la propiedad Bindings de txt_contrato.
Línea 322: no se pudo establecer la propiedad Bindings de txt_clientes.
Línea 348: no se pudo establecer la propiedad Bindings de txt_nombre.
Línea 374: no se pudo establecer la propiedad Bindings de txt_direccion.
Línea 400: no se pudo establecer la propiedad Bindings de TextBox4.
Línea 426: no se pudo establecer la propiedad Bindings de txt_zona.
Línea 452: no se pudo establecer la propiedad Bindings de TextBox10.
Línea 478: no se pudo establecer la propiedad Bindings de TextBox11.
Línea 554: no se pudo establecer la propiedad Bindings de txt_precio_cilind.
Línea 596: no se pudo establecer la propiedad Bindings de txt_cantidad.
Línea 623: no se pudo establecer la propiedad Bindings de txt_precio.
Línea 646: no se pudo establecer la propiedad Bindings de txt_fecha_entrega.
Línea 663: no se pudo establecer la propiedad Bindings de txt_fecha_pedido.
Línea 1282: no se pudo establecer la propiedad Bindings de DGrid_pedidos.
Línea 1452: no se pudo establecer la propiedad Bindings de Dcmb_Buscar.
Línea 304: no se pudo establecer la propiedad Bindings de txt_contrato.
Línea 322: no se pudo establecer la propiedad Bindings de txt_clientes.
Línea 348: no se pudo establecer la propiedad Bindings de txt_nombre.
Línea 374: no se pudo establecer la propiedad Bindings de txt_direccion.
Línea 400: no se pudo establecer la propiedad Bindings de TextBox4.
Línea 426: no se pudo establecer la propiedad Bindings de txt_zona.
Línea 452: no se pudo establecer la propiedad Bindings de TextBox10.
Línea 478: no se pudo establecer la propiedad Bindings de TextBox11.
Línea 554: no se pudo establecer la propiedad Bindings de txt_precio_cilind.
Línea 596: no se pudo establecer la propiedad Bindings de txt_cantidad.
Línea 623: no se pudo establecer la propiedad Bindings de txt_precio.
Línea 646: no se pudo establecer la propiedad Bindings de txt_fecha_entrega.
Línea 663: no se pudo establecer la propiedad Bindings de txt_fecha_pedido.
Línea 1282: no se pudo establecer la propiedad Bindings de DGrid_pedidos.
Línea 1452: no se pudo establecer la propiedad Bindings de Dcmb_Buscar.
